<?xml version="1.0" encoding="UTF-8"?>
<!-- Generated by org.testng.reporters.JUnitReportReporter -->
<testsuite hostname="dj-book" failures="0" tests="2" name="com.store.tests.LoginTest" time="32.272" errors="0" timestamp="2024-11-14T21:25:03 IST" skipped="0">
  <testcase classname="com.store.tests.LoginTest" name="loginTestLogOutButton" time="14.527"/>
  <system-out/>
  <testcase classname="com.store.tests.LoginTest" name="loginTestUsingURL" time="17.745"/>
  <system-out/>
</testsuite> <!-- com.store.tests.LoginTest -->
