<?xml version="1.0" encoding="UTF-8"?>
<!-- Generated by org.testng.reporters.JUnitReportReporter -->
<testsuite hostname="dj-book" failures="0" tests="8" name="com.store.tests.HomePageTest" time="101.250" errors="0" timestamp="2024-11-14T21:37:08 IST" skipped="0">
  <testcase classname="com.store.tests.HomePageTest" name="validateAccountLoginTextTest" time="12.689"/>
  <system-out/>
  <testcase classname="com.store.tests.HomePageTest" name="validateUrl" time="12.490"/>
  <system-out/>
  <testcase classname="com.store.tests.HomePageTest" name="validateAccountLogoutTextTest" time="14.305"/>
  <system-out/>
  <testcase classname="com.store.tests.HomePageTest" name="validateCopyRightTextTest" time="11.972"/>
  <system-out/>
  <testcase classname="com.store.tests.HomePageTest" name="validateLogoTest" time="12.175"/>
  <system-out/>
  <testcase classname="com.store.tests.HomePageTest" name="validateSearchInputTest" time="13.286"/>
  <system-out/>
  <testcase classname="com.store.tests.HomePageTest" name="validateTopProductsTest" time="12.118"/>
  <system-out/>
  <testcase classname="com.store.tests.HomePageTest" name="validateTopCategoriesTest" time="12.215"/>
  <system-out/>
</testsuite> <!-- com.store.tests.HomePageTest -->
