<?xml version="1.0" encoding="UTF-8"?>
<!-- Generated by org.testng.reporters.JUnitReportReporter -->
<testsuite hostname="dj-book" failures="0" tests="1" name="com.store.tests.CartPageTest" time="16.338" errors="0" timestamp="2024-11-14T22:27:52 IST" skipped="0">
  <testcase classname="com.store.tests.CartPageTest" name="validateTotalPriceTest" time="16.338"/>
  <system-out/>
</testsuite> <!-- com.store.tests.CartPageTest -->
