<?xml version="1.0" encoding="UTF-8"?>
<!-- Generated by org.testng.reporters.JUnitReportReporter -->
<testsuite hostname="dj-book" failures="0" tests="2" name="com.store.tests.IndexPageTest" time="10.816" errors="0" timestamp="2024-11-14T21:38:00 IST" skipped="0">
  <testcase classname="com.store.tests.IndexPageTest" name="verifyLogo" time="4.534"/>
  <system-out/>
  <testcase classname="com.store.tests.IndexPageTest" name="verifyTitle" time="6.282"/>
  <system-out/>
</testsuite> <!-- com.store.tests.IndexPageTest -->
