<?xml version="1.0" encoding="UTF-8"?>
<!-- Generated by org.testng.reporters.JUnitReportReporter -->
<testsuite hostname="dj-book" failures="0" tests="1" name="com.store.tests.SearchProductTest" time="14.569" errors="0" timestamp="2024-11-14T22:15:12 IST" skipped="0">
  <testcase classname="com.store.tests.SearchProductTest" name="validateGoToCartPageLinkTest" time="14.569"/>
  <system-out/>
</testsuite> <!-- com.store.tests.SearchProductTest -->
